This file contains any messages produced by compilers while
running configure, to aid debugging if configure makes a mistake.

It was created by configure, which was
generated by GNU Autoconf 2.68.  Invocation command line was

  $ ./configure --build=arm-apple-darwin --enable-fuzzing --enable-doc

## --------- ##
## Platform. ##
## --------- ##

hostname = Olivers-MacBook-Pro.local
uname -m = x86_64
uname -r = 12.3.0
uname -s = Darwin
uname -v = Darwin Kernel Version 12.3.0: Sun Jan  6 22:37:10 PST 2013; root:xnu-2050.22.13~1/RELEASE_X86_64

/usr/bin/uname -p = i386
/bin/uname -X     = unknown

/bin/arch              = unknown
/usr/bin/arch -k       = unknown
/usr/convex/getsysinfo = unknown
/usr/bin/hostinfo      = Mach kernel version:
	 Darwin Kernel Version 12.3.0: Sun Jan  6 22:37:10 PST 2013; root:xnu-2050.22.13~1/RELEASE_X86_64
Kernel configured for up to 4 processors.
2 processors are physically available.
4 processors are logically available.
Processor type: i486 (Intel 80486)
Processors active: 0 1 2 3
Primary memory available: 4.00 gigabytes
Default processor set: 117 tasks, 622 threads, 4 processors
Load average: 1.59, Mach factor: 2.40
/bin/machine           = unknown
/usr/bin/oslevel       = unknown
/bin/universe          = unknown

PATH: /opt/local/bin
PATH: /opt/local/sbin
PATH: /opt/iOSOpenDev/bin
PATH: /usr/bin
PATH: /bin
PATH: /usr/sbin
PATH: /sbin
PATH: /usr/local/bin
PATH: /opt/X11/bin


## ----------- ##
## Core tests. ##
## ----------- ##

configure:2406: checking whether make supports nested variables
configure:2423: result: yes
configure:2437: checking version.mk
configure:2451: result: 1.0.2
configure:2457: checking git revision
configure:2461: result: no
configure:2542: checking for a BSD-compatible install
configure:2610: result: /opt/local/bin/ginstall -c
configure:2621: checking whether build environment is sane
configure:2671: result: yes
configure:2812: checking for a thread-safe mkdir -p
configure:2851: result: /opt/local/bin/gmkdir -p
configure:2864: checking for gawk
configure:2894: result: no
configure:2864: checking for mawk
configure:2894: result: no
configure:2864: checking for nawk
configure:2894: result: no
configure:2864: checking for awk
configure:2880: found /usr/bin/awk
configure:2891: result: awk
configure:2902: checking whether make sets $(MAKE)
configure:2924: result: yes
configure:2996: checking whether to enable maintainer-specific portions of Makefiles
configure:3005: result: yes
configure:3023: checking build system type
configure:3037: result: arm-apple-darwin
configure:3057: checking host system type
configure:3070: result: arm-apple-darwin
configure:3142: checking how to print strings
configure:3169: result: printf
configure:3202: checking for style of include used by make
configure:3230: result: GNU
configure:3301: checking for gcc
configure:3317: found /usr/bin/gcc
configure:3328: result: gcc
configure:3557: checking for C compiler version
configure:3566: gcc --version >&5
i686-apple-darwin11-llvm-gcc-4.2 (GCC) 4.2.1 (Based on Apple Inc. build 5658) (LLVM build 2336.11.00)
Copyright (C) 2007 Free Software Foundation, Inc.
This is free software; see the source for copying conditions.  There is NO
warranty; not even for MERCHANTABILITY or FITNESS FOR A PARTICULAR PURPOSE.

configure:3577: $? = 0
configure:3566: gcc -v >&5
Using built-in specs.
Target: i686-apple-darwin11
Configured with: /private/var/tmp/llvmgcc42/llvmgcc42-2336.11~148/src/configure --disable-checking --enable-werror --prefix=/Applications/Xcode.app/Contents/Developer/usr/llvm-gcc-4.2 --mandir=/share/man --enable-languages=c,objc,c++,obj-c++ --program-prefix=llvm- --program-transform-name=/^[cg][^.-]*$/s/$/-4.2/ --with-slibdir=/usr/lib --build=i686-apple-darwin11 --enable-llvm=/private/var/tmp/llvmgcc42/llvmgcc42-2336.11~148/dst-llvmCore/Developer/usr/local --program-prefix=i686-apple-darwin11- --host=x86_64-apple-darwin11 --target=i686-apple-darwin11 --with-gxx-include-dir=/usr/include/c++/4.2.1
Thread model: posix
gcc version 4.2.1 (Based on Apple Inc. build 5658) (LLVM build 2336.11.00)
configure:3577: $? = 0
configure:3566: gcc -V >&5
llvm-gcc-4.2: argument to `-V' is missing
configure:3577: $? = 1
configure:3566: gcc -qversion >&5
i686-apple-darwin11-llvm-gcc-4.2: no input files
configure:3577: $? = 1
configure:3597: checking whether the C compiler works
configure:3619: gcc    conftest.c  >&5
configure:3623: $? = 0
configure:3671: result: yes
configure:3674: checking for C compiler default output file name
configure:3676: result: a.out
configure:3682: checking for suffix of executables
configure:3689: gcc -o conftest    conftest.c  >&5
configure:3693: $? = 0
configure:3715: result: 
configure:3737: checking whether we are cross compiling
configure:3745: gcc -o conftest    conftest.c  >&5
configure:3749: $? = 0
configure:3756: ./conftest
configure:3760: $? = 0
configure:3775: result: no
configure:3780: checking for suffix of object files
configure:3802: gcc -c   conftest.c >&5
configure:3806: $? = 0
configure:3827: result: o
configure:3831: checking whether we are using the GNU C compiler
configure:3850: gcc -c   conftest.c >&5
configure:3850: $? = 0
configure:3859: result: yes
configure:3868: checking whether gcc accepts -g
configure:3888: gcc -c -g  conftest.c >&5
configure:3888: $? = 0
configure:3929: result: yes
configure:3946: checking for gcc option to accept ISO C89
configure:4010: gcc  -c -g -O2  conftest.c >&5
configure:4010: $? = 0
configure:4023: result: none needed
configure:4045: checking dependency style of gcc
configure:4156: result: gcc3
configure:4171: checking for a sed that does not truncate output
configure:4235: result: /usr/bin/sed
configure:4253: checking for grep that handles long lines and -e
configure:4311: result: /usr/bin/grep
configure:4316: checking for egrep
configure:4378: result: /usr/bin/grep -E
configure:4383: checking for fgrep
configure:4445: result: /usr/bin/grep -F
configure:4480: checking for ld used by gcc
configure:4547: result: /usr/llvm-gcc-4.2/libexec/gcc/i686-apple-darwin11/4.2.1/ld
configure:4554: checking if the linker (/usr/llvm-gcc-4.2/libexec/gcc/i686-apple-darwin11/4.2.1/ld) is GNU ld
configure:4569: result: no
configure:4581: checking for BSD- or MS-compatible name lister (nm)
configure:4630: result: /usr/bin/nm
configure:4760: checking the name lister (/usr/bin/nm) interface
configure:4767: gcc -c -g -O2  conftest.c >&5
configure:4770: /usr/bin/nm "conftest.o"
configure:4773: output
0000000000000198 S _some_variable
configure:4780: result: BSD nm
configure:4783: checking whether ln -s works
configure:4787: result: yes
configure:4795: checking the maximum length of command line arguments
configure:4925: result: 196608
configure:4942: checking whether the shell understands some XSI constructs
configure:4952: result: yes
configure:4956: checking whether the shell understands "+="
configure:4962: result: yes
configure:4997: checking how to convert arm-apple-darwin file names to arm-apple-darwin format
configure:5037: result: func_convert_file_noop
configure:5044: checking how to convert arm-apple-darwin file names to toolchain format
configure:5064: result: func_convert_file_noop
configure:5071: checking for /usr/llvm-gcc-4.2/libexec/gcc/i686-apple-darwin11/4.2.1/ld option to reload object files
configure:5078: result: -r
configure:5152: checking for objdump
configure:5182: result: no
configure:5211: checking how to recognize dependent libraries
configure:5413: result: pass_all
configure:5498: checking for dlltool
configure:5528: result: no
configure:5558: checking how to associate runtime and link libraries
configure:5585: result: printf %s\n
configure:5646: checking for ar
configure:5662: found /usr/bin/ar
configure:5673: result: ar
configure:5710: checking for archiver @FILE support
configure:5727: gcc -c -g -O2  conftest.c >&5
configure:5727: $? = 0
configure:5730: ar cru libconftest.a @conftest.lst >&5
ar: @conftest.lst: No such file or directory
configure:5733: $? = 1
configure:5753: result: no
configure:5811: checking for strip
configure:5827: found /usr/bin/strip
configure:5838: result: strip
configure:5910: checking for ranlib
configure:5926: found /usr/bin/ranlib
configure:5937: result: ranlib
configure:6039: checking command to parse /usr/bin/nm output from gcc object
configure:6159: gcc -c -g -O2  conftest.c >&5
configure:6162: $? = 0
configure:6166: /usr/bin/nm conftest.o \| sed -n -e 's/^.*[ ]\([BCDEGRST][BCDEGRST]*\)[ ][ ]*\([_A-Za-z][_A-Za-z0-9]*\)$/\1 \2 \2/p' | sed '/ __gnu_lto/d' \> conftest.nm
configure:6169: $? = 0
cannot find nm_test_var in conftest.nm
configure:6159: gcc -c -g -O2  conftest.c >&5
configure:6162: $? = 0
configure:6166: /usr/bin/nm conftest.o \| sed -n -e 's/^.*[ ]\([BCDEGRST][BCDEGRST]*\)[ ][ ]*_\([_A-Za-z][_A-Za-z0-9]*\)$/\1 _\2 \2/p' | sed '/ __gnu_lto/d' \> conftest.nm
configure:6169: $? = 0
configure:6235: gcc -o conftest -g -O2   conftest.c conftstm.o >&5
configure:6238: $? = 0
configure:6276: result: ok
configure:6313: checking for sysroot
configure:6343: result: no
configure:6599: checking for mt
configure:6629: result: no
configure:6649: checking if : is a manifest tool
configure:6655: : '-?'
configure:6663: result: no
configure:6719: checking for dsymutil
configure:6735: found /usr/bin/dsymutil
configure:6746: result: dsymutil
configure:6811: checking for nmedit
configure:6827: found /usr/bin/nmedit
configure:6838: result: nmedit
configure:6903: checking for lipo
configure:6919: found /usr/bin/lipo
configure:6930: result: lipo
configure:6995: checking for otool
configure:7011: found /usr/bin/otool
configure:7022: result: otool
configure:7087: checking for otool64
configure:7117: result: no
configure:7162: checking for -single_module linker flag
gcc -g -O2  -o libconftest.dylib -dynamiclib -Wl,-single_module conftest.c
configure:7195: result: yes
configure:7198: checking for -exported_symbols_list linker flag
configure:7218: gcc -o conftest -g -O2   -Wl,-exported_symbols_list,conftest.sym conftest.c  >&5
configure:7218: $? = 0
configure:7228: result: yes
configure:7231: checking for -force_load linker flag
gcc -g -O2 -c -o conftest.o conftest.c
ar cru libconftest.a conftest.o
ranlib libconftest.a
gcc -g -O2  -o conftest conftest.c -Wl,-force_load,./libconftest.a
configure:7263: result: yes
configure:7305: checking how to run the C preprocessor
configure:7336: gcc -E  conftest.c
configure:7336: $? = 0
configure:7350: gcc -E  conftest.c
conftest.c:10:28: error: ac_nonexistent.h: No such file or directory
configure:7350: $? = 1
configure: failed program was:
| /* confdefs.h */
| #define PACKAGE_NAME ""
| #define PACKAGE_TARNAME ""
| #define PACKAGE_VERSION ""
| #define PACKAGE_STRING ""
| #define PACKAGE_BUGREPORT ""
| #define PACKAGE_URL ""
| #define OPUS_VERSION "1.0.2"
| /* end confdefs.h.  */
| #include <ac_nonexistent.h>
configure:7375: result: gcc -E
configure:7395: gcc -E  conftest.c
configure:7395: $? = 0
configure:7409: gcc -E  conftest.c
conftest.c:10:28: error: ac_nonexistent.h: No such file or directory
configure:7409: $? = 1
configure: failed program was:
| /* confdefs.h */
| #define PACKAGE_NAME ""
| #define PACKAGE_TARNAME ""
| #define PACKAGE_VERSION ""
| #define PACKAGE_STRING ""
| #define PACKAGE_BUGREPORT ""
| #define PACKAGE_URL ""
| #define OPUS_VERSION "1.0.2"
| /* end confdefs.h.  */
| #include <ac_nonexistent.h>
configure:7438: checking for ANSI C header files
configure:7458: gcc -c -g -O2  conftest.c >&5
configure:7458: $? = 0
configure:7531: gcc -o conftest -g -O2   conftest.c  >&5
configure:7531: $? = 0
configure:7531: ./conftest
configure:7531: $? = 0
configure:7542: result: yes
configure:7555: checking for sys/types.h
configure:7555: gcc -c -g -O2  conftest.c >&5
configure:7555: $? = 0
configure:7555: result: yes
configure:7555: checking for sys/stat.h
configure:7555: gcc -c -g -O2  conftest.c >&5
configure:7555: $? = 0
configure:7555: result: yes
configure:7555: checking for stdlib.h
configure:7555: gcc -c -g -O2  conftest.c >&5
configure:7555: $? = 0
configure:7555: result: yes
configure:7555: checking for string.h
configure:7555: gcc -c -g -O2  conftest.c >&5
configure:7555: $? = 0
configure:7555: result: yes
configure:7555: checking for memory.h
configure:7555: gcc -c -g -O2  conftest.c >&5
configure:7555: $? = 0
configure:7555: result: yes
configure:7555: checking for strings.h
configure:7555: gcc -c -g -O2  conftest.c >&5
configure:7555: $? = 0
configure:7555: result: yes
configure:7555: checking for inttypes.h
configure:7555: gcc -c -g -O2  conftest.c >&5
configure:7555: $? = 0
configure:7555: result: yes
configure:7555: checking for stdint.h
configure:7555: gcc -c -g -O2  conftest.c >&5
configure:7555: $? = 0
configure:7555: result: yes
configure:7555: checking for unistd.h
configure:7555: gcc -c -g -O2  conftest.c >&5
configure:7555: $? = 0
configure:7555: result: yes
configure:7569: checking for dlfcn.h
configure:7569: gcc -c -g -O2  conftest.c >&5
configure:7569: $? = 0
configure:7569: result: yes
configure:7775: checking for objdir
configure:7790: result: .libs
configure:8057: checking if gcc supports -fno-rtti -fno-exceptions
configure:8075: gcc -c -g -O2  -fno-rtti -fno-exceptions conftest.c >&5
cc1: warning: command line option "-fno-rtti" is valid for C++/ObjC++ but not for C
configure:8079: $? = 0
configure:8092: result: no
configure:8419: checking for gcc option to produce PIC
configure:8426: result: -fno-common -DPIC
configure:8434: checking if gcc PIC flag -fno-common -DPIC works
configure:8452: gcc -c -g -O2  -fno-common -DPIC -DPIC conftest.c >&5
configure:8456: $? = 0
configure:8469: result: yes
configure:8498: checking if gcc static flag -static works
configure:8526: result: no
configure:8541: checking if gcc supports -c -o file.o
configure:8562: gcc -c -g -O2  -o out/conftest2.o conftest.c >&5
configure:8566: $? = 0
configure:8588: result: yes
configure:8596: checking if gcc supports -c -o file.o
configure:8643: result: yes
configure:8676: checking whether the gcc linker (/usr/llvm-gcc-4.2/libexec/gcc/i686-apple-darwin11/4.2.1/ld) supports shared libraries
configure:9829: result: yes
configure:10069: checking dynamic linker characteristics
configure:10806: result: darwin dyld
configure:10913: checking how to hardcode library paths into programs
configure:10938: result: immediate
configure:11478: checking whether stripping libraries is possible
configure:11492: result: yes
configure:11518: checking if libtool supports shared libraries
configure:11520: result: yes
configure:11523: checking whether to build shared libraries
configure:11544: result: yes
configure:11547: checking whether to build static libraries
configure:11551: result: yes
configure:11589: checking whether gcc and cc understand -c and -o together
configure:11620: gcc -c conftest.c -o conftest2.o >&5
configure:11624: $? = 0
configure:11630: gcc -c conftest.c -o conftest2.o >&5
configure:11634: $? = 0
configure:11645: cc -c conftest.c >&5
configure:11649: $? = 0
configure:11657: cc -c conftest.c -o conftest2.o >&5
configure:11661: $? = 0
configure:11667: cc -c conftest.c -o conftest2.o >&5
configure:11671: $? = 0
configure:11689: result: yes
configure:11715: checking for gcc option to accept ISO C99
configure:11864: gcc  -c -g -O2  conftest.c >&5
conftest.c:72: error: expected ';', ',' or ')' before 'text'
conftest.c: In function 'main':
conftest.c:126: error: nested functions are disabled, use -fnested-functions to re-enable
conftest.c:126: error: expected '=', ',', ';', 'asm' or '__attribute__' before 'newvar'
conftest.c:126: error: 'newvar' undeclared (first use in this function)
conftest.c:126: error: (Each undeclared identifier is reported only once
conftest.c:126: error: for each function it appears in.)
conftest.c:136: error: 'for' loop initial declaration used outside C99 mode
configure:11864: $? = 1
configure: failed program was:
| /* confdefs.h */
| #define PACKAGE_NAME ""
| #define PACKAGE_TARNAME ""
| #define PACKAGE_VERSION ""
| #define PACKAGE_STRING ""
| #define PACKAGE_BUGREPORT ""
| #define PACKAGE_URL ""
| #define OPUS_VERSION "1.0.2"
| #define STDC_HEADERS 1
| #define HAVE_SYS_TYPES_H 1
| #define HAVE_SYS_STAT_H 1
| #define HAVE_STDLIB_H 1
| #define HAVE_STRING_H 1
| #define HAVE_MEMORY_H 1
| #define HAVE_STRINGS_H 1
| #define HAVE_INTTYPES_H 1
| #define HAVE_STDINT_H 1
| #define HAVE_UNISTD_H 1
| #define HAVE_DLFCN_H 1
| #define LT_OBJDIR ".libs/"
| /* end confdefs.h.  */
| #include <stdarg.h>
| #include <stdbool.h>
| #include <stdlib.h>
| #include <wchar.h>
| #include <stdio.h>
| 
| // Check varargs macros.  These examples are taken from C99 6.10.3.5.
| #define debug(...) fprintf (stderr, __VA_ARGS__)
| #define showlist(...) puts (#__VA_ARGS__)
| #define report(test,...) ((test) ? puts (#test) : printf (__VA_ARGS__))
| static void
| test_varargs_macros (void)
| {
|   int x = 1234;
|   int y = 5678;
|   debug ("Flag");
|   debug ("X = %d\n", x);
|   showlist (The first, second, and third items.);
|   report (x>y, "x is %d but y is %d", x, y);
| }
| 
| // Check long long types.
| #define BIG64 18446744073709551615ull
| #define BIG32 4294967295ul
| #define BIG_OK (BIG64 / BIG32 == 4294967297ull && BIG64 % BIG32 == 0)
| #if !BIG_OK
|   your preprocessor is broken;
| #endif
| #if BIG_OK
| #else
|   your preprocessor is broken;
| #endif
| static long long int bignum = -9223372036854775807LL;
| static unsigned long long int ubignum = BIG64;
| 
| struct incomplete_array
| {
|   int datasize;
|   double data[];
| };
| 
| struct named_init {
|   int number;
|   const wchar_t *name;
|   double average;
| };
| 
| typedef const char *ccp;
| 
| static inline int
| test_restrict (ccp restrict text)
| {
|   // See if C++-style comments work.
|   // Iterate through items via the restricted pointer.
|   // Also check for declarations in for loops.
|   for (unsigned int i = 0; *(text+i) != '\0'; ++i)
|     continue;
|   return 0;
| }
| 
| // Check varargs and va_copy.
| static void
| test_varargs (const char *format, ...)
| {
|   va_list args;
|   va_start (args, format);
|   va_list args_copy;
|   va_copy (args_copy, args);
| 
|   const char *str;
|   int number;
|   float fnumber;
| 
|   while (*format)
|     {
|       switch (*format++)
| 	{
| 	case 's': // string
| 	  str = va_arg (args_copy, const char *);
| 	  break;
| 	case 'd': // int
| 	  number = va_arg (args_copy, int);
| 	  break;
| 	case 'f': // float
| 	  fnumber = va_arg (args_copy, double);
| 	  break;
| 	default:
| 	  break;
| 	}
|     }
|   va_end (args_copy);
|   va_end (args);
| }
| 
| int
| main ()
| {
| 
|   // Check bool.
|   _Bool success = false;
| 
|   // Check restrict.
|   if (test_restrict ("String literal") == 0)
|     success = true;
|   char *restrict newvar = "Another string";
| 
|   // Check varargs.
|   test_varargs ("s, d' f .", "string", 65, 34.234);
|   test_varargs_macros ();
| 
|   // Check flexible array members.
|   struct incomplete_array *ia =
|     malloc (sizeof (struct incomplete_array) + (sizeof (double) * 10));
|   ia->datasize = 10;
|   for (int i = 0; i < ia->datasize; ++i)
|     ia->data[i] = i * 1.234;
| 
|   // Check named initializers.
|   struct named_init ni = {
|     .number = 34,
|     .name = L"Test wide string",
|     .average = 543.34343,
|   };
| 
|   ni.number = 58;
| 
|   int dynamic_array[ni.number];
|   dynamic_array[ni.number - 1] = 543;
| 
|   // work around unused variable warnings
|   return (!success || bignum == 0LL || ubignum == 0uLL || newvar[0] == 'x'
| 	  || dynamic_array[ni.number - 1] != 543);
| 
|   ;
|   return 0;
| }
configure:11864: gcc -std=gnu99 -c -g -O2  conftest.c >&5
configure:11864: $? = 0
configure:11884: result: -std=gnu99
configure:11892: checking for an ANSI C-conforming const
configure:11957: gcc -std=gnu99 -c -g -O2  conftest.c >&5
configure:11957: $? = 0
configure:11964: result: yes
configure:11972: checking for inline
configure:11988: gcc -std=gnu99 -c -g -O2  conftest.c >&5
configure:11988: $? = 0
configure:11996: result: inline
configure:12017: checking for C/C++ restrict keyword
configure:12042: gcc -std=gnu99 -c -g -O2  conftest.c >&5
configure:12042: $? = 0
configure:12050: result: __restrict
configure:12067: checking for C99 variable-size arrays
configure:12080: gcc -std=gnu99 -c -g -O2  conftest.c >&5
configure:12080: $? = 0
configure:12090: result: yes
configure:12096: checking alloca.h usability
configure:12096: gcc -std=gnu99 -c -g -O2  conftest.c >&5
configure:12096: $? = 0
configure:12096: result: yes
configure:12096: checking alloca.h presence
configure:12096: gcc -E  conftest.c
configure:12096: $? = 0
configure:12096: result: yes
configure:12096: checking for alloca.h
configure:12096: result: yes
configure:12096: checking getopt.h usability
configure:12096: gcc -std=gnu99 -c -g -O2  conftest.c >&5
configure:12096: $? = 0
configure:12096: result: yes
configure:12096: checking getopt.h presence
configure:12096: gcc -E  conftest.c
configure:12096: $? = 0
configure:12096: result: yes
configure:12096: checking for getopt.h
configure:12096: result: yes
configure:12106: checking for alloca
configure:12122: gcc -std=gnu99 -c -g -O2  conftest.c >&5
configure:12122: $? = 0
configure:12136: result: yes
configure:12139: checking for exp
configure:12139: gcc -std=gnu99 -o conftest -g -O2   conftest.c  >&5
conftest.c:50: warning: conflicting types for built-in function 'exp'
configure:12139: $? = 0
configure:12139: result: yes
configure:12290: checking for doxygen
configure:12318: result: no
configure:12341: checking if gcc -std=gnu99 supports -fvisibility=hidden
configure:12347: gcc -std=gnu99 -c -g -O2 -fvisibility=hidden  conftest.c >&5
configure:12347: $? = 0
configure:12348: result: yes
configure:12363: checking if gcc -std=gnu99 supports -Wall -Wextra -Wcast-align -Wnested-externs -Wshadow -Wstrict-prototypes
configure:12369: gcc -std=gnu99 -c -g -O2 -fvisibility=hidden -W -Wall -Wextra -Wcast-align -Wnested-externs -Wshadow -Wstrict-prototypes  conftest.c >&5
configure:12369: $? = 0
configure:12370: result: yes
configure:12382: checking for lrintf
configure:12382: gcc -std=gnu99 -o conftest -g -O2 -fvisibility=hidden -W -Wall -Wextra -Wcast-align -Wnested-externs -Wshadow -Wstrict-prototypes   conftest.c  >&5
conftest.c:51: warning: function declaration isn't a prototype
conftest.c:51: warning: conflicting types for built-in function 'lrintf'
conftest.c:61: warning: function declaration isn't a prototype
configure:12382: $? = 0
configure:12382: result: yes
configure:12393: checking for lrint
configure:12393: gcc -std=gnu99 -o conftest -g -O2 -fvisibility=hidden -W -Wall -Wextra -Wcast-align -Wnested-externs -Wshadow -Wstrict-prototypes   conftest.c  >&5
conftest.c:52: warning: function declaration isn't a prototype
conftest.c:52: warning: conflicting types for built-in function 'lrint'
conftest.c:62: warning: function declaration isn't a prototype
configure:12393: $? = 0
configure:12393: result: yes
configure:12404: checking for __malloc_hook
configure:12404: gcc -std=gnu99 -o conftest -g -O2 -fvisibility=hidden -W -Wall -Wextra -Wcast-align -Wnested-externs -Wshadow -Wstrict-prototypes   conftest.c  >&5
conftest.c:53: warning: function declaration isn't a prototype
conftest.c:63: warning: function declaration isn't a prototype
Undefined symbols for architecture x86_64:
  "___malloc_hook", referenced from:
      _main in ccC4BzMX.o
ld: symbol(s) not found for architecture x86_64
collect2: ld returned 1 exit status
configure:12404: $? = 1
configure: failed program was:
| /* confdefs.h */
| #define PACKAGE_NAME ""
| #define PACKAGE_TARNAME ""
| #define PACKAGE_VERSION ""
| #define PACKAGE_STRING ""
| #define PACKAGE_BUGREPORT ""
| #define PACKAGE_URL ""
| #define OPUS_VERSION "1.0.2"
| #define STDC_HEADERS 1
| #define HAVE_SYS_TYPES_H 1
| #define HAVE_SYS_STAT_H 1
| #define HAVE_STDLIB_H 1
| #define HAVE_STRING_H 1
| #define HAVE_MEMORY_H 1
| #define HAVE_STRINGS_H 1
| #define HAVE_INTTYPES_H 1
| #define HAVE_STDINT_H 1
| #define HAVE_UNISTD_H 1
| #define HAVE_DLFCN_H 1
| #define LT_OBJDIR ".libs/"
| #define restrict __restrict
| #define OPUS_BUILD /**/
| #define VAR_ARRAYS /**/
| #define HAVE_ALLOCA_H 1
| #define HAVE_GETOPT_H 1
| #define FUZZING /**/
| #define HAVE_LRINTF 1
| #define HAVE_LRINT 1
| /* end confdefs.h.  */
| /* Define __malloc_hook to an innocuous variant, in case <limits.h> declares __malloc_hook.
|    For example, HP-UX 11i <limits.h> declares gettimeofday.  */
| #define __malloc_hook innocuous___malloc_hook
| 
| /* System header to define __stub macros and hopefully few prototypes,
|     which can conflict with char __malloc_hook (); below.
|     Prefer <limits.h> to <assert.h> if __STDC__ is defined, since
|     <limits.h> exists even on freestanding compilers.  */
| 
| #ifdef __STDC__
| # include <limits.h>
| #else
| # include <assert.h>
| #endif
| 
| #undef __malloc_hook
| 
| /* Override any GCC internal prototype to avoid an error.
|    Use char because int might match the return type of a GCC
|    builtin and then its argument prototype would still apply.  */
| #ifdef __cplusplus
| extern "C"
| #endif
| char __malloc_hook ();
| /* The GNU C library defines this for functions which it implements
|     to always fail with ENOSYS.  Some functions are actually named
|     something starting with __ and the normal name is an alias.  */
| #if defined __stub___malloc_hook || defined __stub_____malloc_hook
| choke me
| #endif
| 
| int
| main ()
| {
| return __malloc_hook ();
|   ;
|   return 0;
| }
configure:12404: result: no
configure:12418: checking size of short
configure:12423: gcc -std=gnu99 -o conftest -g -O2 -fvisibility=hidden -W -Wall -Wextra -Wcast-align -Wnested-externs -Wshadow -Wstrict-prototypes   conftest.c  >&5
conftest.c:63: warning: function declaration isn't a prototype
conftest.c:64: warning: function declaration isn't a prototype
conftest.c:69: warning: function declaration isn't a prototype
configure:12423: $? = 0
configure:12423: ./conftest
configure:12423: $? = 0
configure:12437: result: 2
configure:12451: checking size of int
configure:12456: gcc -std=gnu99 -o conftest -g -O2 -fvisibility=hidden -W -Wall -Wextra -Wcast-align -Wnested-externs -Wshadow -Wstrict-prototypes   conftest.c  >&5
conftest.c:64: warning: function declaration isn't a prototype
conftest.c:65: warning: function declaration isn't a prototype
conftest.c:70: warning: function declaration isn't a prototype
configure:12456: $? = 0
configure:12456: ./conftest
configure:12456: $? = 0
configure:12470: result: 4
configure:12484: checking size of long
configure:12489: gcc -std=gnu99 -o conftest -g -O2 -fvisibility=hidden -W -Wall -Wextra -Wcast-align -Wnested-externs -Wshadow -Wstrict-prototypes   conftest.c  >&5
conftest.c:65: warning: function declaration isn't a prototype
conftest.c:66: warning: function declaration isn't a prototype
conftest.c:71: warning: function declaration isn't a prototype
configure:12489: $? = 0
configure:12489: ./conftest
configure:12489: $? = 0
configure:12503: result: 8
configure:12517: checking size of long long
configure:12522: gcc -std=gnu99 -o conftest -g -O2 -fvisibility=hidden -W -Wall -Wextra -Wcast-align -Wnested-externs -Wshadow -Wstrict-prototypes   conftest.c  >&5
conftest.c:66: warning: function declaration isn't a prototype
conftest.c:67: warning: function declaration isn't a prototype
conftest.c:72: warning: function declaration isn't a prototype
configure:12522: $? = 0
configure:12522: ./conftest
configure:12522: $? = 0
configure:12536: result: 8
configure:12757: creating ./config.status

## ---------------------- ##
## Running config.status. ##
## ---------------------- ##

This file was extended by config.status, which was
generated by GNU Autoconf 2.68.  Invocation command line was

  CONFIG_FILES    = 
  CONFIG_HEADERS  = 
  CONFIG_LINKS    = 
  CONFIG_COMMANDS = 
  $ ./config.status 

on Olivers-MacBook-Pro.local

config.status:1124: creating Makefile
config.status:1124: creating opus.pc
config.status:1124: creating opus-uninstalled.pc
config.status:1124: creating doc/Makefile
config.status:1124: creating doc/Doxyfile
config.status:1124: creating config.h
config.status:1305: config.h is unchanged
config.status:1353: executing depfiles commands
config.status:1353: executing libtool commands
configure:15021: result:
------------------------------------------------------------------------
  opus 1.0.2:  Automatic configuration OK.

    Compiler support:

      C99 var arrays: ................ yes
      C99 lrintf: .................... yes
      Alloca: ........................ yes

    General configuration:

      Floating point support: ........ yes
      Fast float approximations: ..... no
      Fixed point debugging: ......... no
      Custom modes: .................. no
      Assertion checking: ............ no
      Fuzzing: ....................... yes

      API documentation: ............. no
------------------------------------------------------------------------


## ---------------- ##
## Cache variables. ##
## ---------------- ##

ac_cv_build=arm-apple-darwin
ac_cv_c_compiler_gnu=yes
ac_cv_c_const=yes
ac_cv_c_inline=inline
ac_cv_c_restrict=__restrict
ac_cv_env_CC_set=
ac_cv_env_CC_value=
ac_cv_env_CFLAGS_set=
ac_cv_env_CFLAGS_value=
ac_cv_env_CPPFLAGS_set=
ac_cv_env_CPPFLAGS_value=
ac_cv_env_CPP_set=
ac_cv_env_CPP_value=
ac_cv_env_LDFLAGS_set=
ac_cv_env_LDFLAGS_value=
ac_cv_env_LIBS_set=
ac_cv_env_LIBS_value=
ac_cv_env_build_alias_set=set
ac_cv_env_build_alias_value=arm-apple-darwin
ac_cv_env_host_alias_set=
ac_cv_env_host_alias_value=
ac_cv_env_target_alias_set=
ac_cv_env_target_alias_value=
ac_cv_func___malloc_hook=no
ac_cv_func_exp=yes
ac_cv_func_lrint=yes
ac_cv_func_lrintf=yes
ac_cv_header_alloca_h=yes
ac_cv_header_dlfcn_h=yes
ac_cv_header_getopt_h=yes
ac_cv_header_inttypes_h=yes
ac_cv_header_memory_h=yes
ac_cv_header_stdc=yes
ac_cv_header_stdint_h=yes
ac_cv_header_stdlib_h=yes
ac_cv_header_string_h=yes
ac_cv_header_strings_h=yes
ac_cv_header_sys_stat_h=yes
ac_cv_header_sys_types_h=yes
ac_cv_header_unistd_h=yes
ac_cv_host=arm-apple-darwin
ac_cv_objext=o
ac_cv_path_EGREP='/usr/bin/grep -E'
ac_cv_path_FGREP='/usr/bin/grep -F'
ac_cv_path_GREP=/usr/bin/grep
ac_cv_path_SED=/usr/bin/sed
ac_cv_path_install='/opt/local/bin/ginstall -c'
ac_cv_path_mkdir=/opt/local/bin/gmkdir
ac_cv_prog_AWK=awk
ac_cv_prog_CPP='gcc -E'
ac_cv_prog_HAVE_DOXYGEN=no
ac_cv_prog_ac_ct_AR=ar
ac_cv_prog_ac_ct_CC=gcc
ac_cv_prog_ac_ct_DSYMUTIL=dsymutil
ac_cv_prog_ac_ct_LIPO=lipo
ac_cv_prog_ac_ct_NMEDIT=nmedit
ac_cv_prog_ac_ct_OTOOL=otool
ac_cv_prog_ac_ct_RANLIB=ranlib
ac_cv_prog_ac_ct_STRIP=strip
ac_cv_prog_cc_c89=
ac_cv_prog_cc_c99=-std=gnu99
ac_cv_prog_cc_g=yes
ac_cv_prog_cc_gcc_c_o=yes
ac_cv_prog_make_make_set=yes
ac_cv_sizeof_int=4
ac_cv_sizeof_long=8
ac_cv_sizeof_long_long=8
ac_cv_sizeof_short=2
am_cv_CC_dependencies_compiler_type=gcc3
am_cv_make_support_nested_variables=yes
lt_cv_apple_cc_single_mod=yes
lt_cv_ar_at_file=no
lt_cv_deplibs_check_method=pass_all
lt_cv_file_magic_cmd='$MAGIC_CMD'
lt_cv_file_magic_test_file=
lt_cv_ld_exported_symbols_list=yes
lt_cv_ld_force_load=yes
lt_cv_ld_reload_flag=-r
lt_cv_nm_interface='BSD nm'
lt_cv_objdir=.libs
lt_cv_path_LD=/usr/llvm-gcc-4.2/libexec/gcc/i686-apple-darwin11/4.2.1/ld
lt_cv_path_NM=/usr/bin/nm
lt_cv_path_mainfest_tool=no
lt_cv_prog_compiler_c_o=yes
lt_cv_prog_compiler_pic='-fno-common -DPIC'
lt_cv_prog_compiler_pic_works=yes
lt_cv_prog_compiler_rtti_exceptions=no
lt_cv_prog_compiler_static_works=no
lt_cv_prog_gnu_ld=no
lt_cv_sharedlib_from_linklib_cmd='printf %s\n'
lt_cv_sys_global_symbol_pipe='sed -n -e '\''s/^.*[	 ]\([BCDEGRST][BCDEGRST]*\)[	 ][	 ]*_\([_A-Za-z][_A-Za-z0-9]*\)$/\1 _\2 \2/p'\'' | sed '\''/ __gnu_lto/d'\'''
lt_cv_sys_global_symbol_to_c_name_address='sed -n -e '\''s/^: \([^ ]*\)[ ]*$/  {\"\1\", (void *) 0},/p'\'' -e '\''s/^[BCDEGRST]* \([^ ]*\) \([^ ]*\)$/  {"\2", (void *) \&\2},/p'\'''
lt_cv_sys_global_symbol_to_c_name_address_lib_prefix='sed -n -e '\''s/^: \([^ ]*\)[ ]*$/  {\"\1\", (void *) 0},/p'\'' -e '\''s/^[BCDEGRST]* \([^ ]*\) \(lib[^ ]*\)$/  {"\2", (void *) \&\2},/p'\'' -e '\''s/^[BCDEGRST]* \([^ ]*\) \([^ ]*\)$/  {"lib\2", (void *) \&\2},/p'\'''
lt_cv_sys_global_symbol_to_cdecl='sed -n -e '\''s/^T .* \(.*\)$/extern int \1();/p'\'' -e '\''s/^[BCDEGRST]* .* \(.*\)$/extern char \1;/p'\'''
lt_cv_sys_max_cmd_len=196608
lt_cv_to_host_file_cmd=func_convert_file_noop
lt_cv_to_tool_file_cmd=func_convert_file_noop

## ----------------- ##
## Output variables. ##
## ----------------- ##

ACLOCAL='${SHELL} /Users/oliverfolz/Downloads/opus-1.0.2/missing --run aclocal-1.11'
AMDEPBACKSLASH='\'
AMDEP_FALSE='#'
AMDEP_TRUE=''
AMTAR='$${TAR-tar}'
AM_BACKSLASH='\'
AM_DEFAULT_V='$(AM_DEFAULT_VERBOSITY)'
AM_DEFAULT_VERBOSITY='0'
AM_V='$(V)'
AR='ar'
AUTOCONF='${SHELL} /Users/oliverfolz/Downloads/opus-1.0.2/missing --run autoconf'
AUTOHEADER='${SHELL} /Users/oliverfolz/Downloads/opus-1.0.2/missing --run autoheader'
AUTOMAKE='${SHELL} /Users/oliverfolz/Downloads/opus-1.0.2/missing --run automake-1.11'
AWK='awk'
CC='gcc -std=gnu99'
CCDEPMODE='depmode=gcc3'
CFLAGS='-g -O2 -fvisibility=hidden -W -Wall -Wextra -Wcast-align -Wnested-externs -Wshadow -Wstrict-prototypes'
CPP='gcc -E'
CPPFLAGS=''
CUSTOM_MODES_FALSE=''
CUSTOM_MODES_TRUE='#'
CYGPATH_W='echo'
DEFS='-DHAVE_CONFIG_H'
DEPDIR='.deps'
DLLTOOL='false'
DSYMUTIL='dsymutil'
DUMPBIN=''
ECHO_C='\c'
ECHO_N=''
ECHO_T=''
EGREP='/usr/bin/grep -E'
EXEEXT=''
FGREP='/usr/bin/grep -F'
FIXED_POINT_FALSE=''
FIXED_POINT_TRUE='#'
GREP='/usr/bin/grep'
HAVE_DOXYGEN='false'
HAVE_DOXYGEN_FALSE=''
HAVE_DOXYGEN_TRUE='#'
INSTALL_DATA='${INSTALL} -m 644'
INSTALL_PROGRAM='${INSTALL}'
INSTALL_SCRIPT='${INSTALL}'
INSTALL_STRIP_PROGRAM='$(install_sh) -c -s'
LD='/usr/llvm-gcc-4.2/libexec/gcc/i686-apple-darwin11/4.2.1/ld'
LDFLAGS=''
LIBM=''
LIBOBJS=''
LIBS=''
LIBTOOL='$(SHELL) $(top_builddir)/libtool'
LIPO='lipo'
LN_S='ln -s'
LTLIBOBJS=''
MAINT=''
MAINTAINER_MODE_FALSE='#'
MAINTAINER_MODE_TRUE=''
MAKEINFO='${SHELL} /Users/oliverfolz/Downloads/opus-1.0.2/missing --run makeinfo'
MANIFEST_TOOL=':'
MKDIR_P='/opt/local/bin/gmkdir -p'
NM='/usr/bin/nm'
NMEDIT='nmedit'
OBJDUMP='false'
OBJEXT='o'
OPUS_LT_AGE='3'
OPUS_LT_CURRENT='3'
OPUS_LT_REVISION='0'
OPUS_VERSION='1.0.2'
OTOOL64=':'
OTOOL='otool'
PACKAGE='opus'
PACKAGE_BUGREPORT=''
PACKAGE_NAME=''
PACKAGE_STRING=''
PACKAGE_TARNAME=''
PACKAGE_URL=''
PACKAGE_VERSION=''
PATH_SEPARATOR=':'
PC_BUILD='floating-point'
PC_LIBM=''
RANLIB='ranlib'
SED='/usr/bin/sed'
SET_MAKE=''
SHELL='/bin/sh'
SIZE16='short'
SIZE32='int'
STRIP='strip'
SYMBOL_VISIBILITY='-fvisibility=hidden'
VERSION='1.0.2'
ac_ct_AR='ar'
ac_ct_CC='gcc'
ac_ct_DUMPBIN=''
am__EXEEXT_FALSE=''
am__EXEEXT_TRUE='#'
am__fastdepCC_FALSE='#'
am__fastdepCC_TRUE=''
am__include='include'
am__isrc=''
am__leading_dot='.'
am__nodep='_no'
am__quote=''
am__tar='$${TAR-tar} chof - "$$tardir"'
am__untar='$${TAR-tar} xf -'
bindir='${exec_prefix}/bin'
build='arm-apple-darwin'
build_alias='arm-apple-darwin'
build_cpu='arm'
build_os='darwin'
build_vendor='apple'
datadir='${datarootdir}'
datarootdir='${prefix}/share'
docdir='${datarootdir}/doc/${PACKAGE}'
dvidir='${docdir}'
exec_prefix='${prefix}'
host='arm-apple-darwin'
host_alias=''
host_cpu='arm'
host_os='darwin'
host_vendor='apple'
htmldir='${docdir}'
includedir='${prefix}/include'
infodir='${datarootdir}/info'
install_sh='${SHELL} /Users/oliverfolz/Downloads/opus-1.0.2/install-sh'
libdir='${exec_prefix}/lib'
libexecdir='${exec_prefix}/libexec'
localedir='${datarootdir}/locale'
localstatedir='${prefix}/var'
mandir='${datarootdir}/man'
mkdir_p='/opt/local/bin/gmkdir -p'
oldincludedir='/usr/include'
pdfdir='${docdir}'
prefix='/usr/local'
program_transform_name='s,x,x,'
psdir='${docdir}'
sbindir='${exec_prefix}/sbin'
sharedstatedir='${prefix}/com'
sysconfdir='${prefix}/etc'
target_alias=''

## ----------- ##
## confdefs.h. ##
## ----------- ##

/* confdefs.h */
#define PACKAGE_NAME ""
#define PACKAGE_TARNAME ""
#define PACKAGE_VERSION ""
#define PACKAGE_STRING ""
#define PACKAGE_BUGREPORT ""
#define PACKAGE_URL ""
#define OPUS_VERSION "1.0.2"
#define STDC_HEADERS 1
#define HAVE_SYS_TYPES_H 1
#define HAVE_SYS_STAT_H 1
#define HAVE_STDLIB_H 1
#define HAVE_STRING_H 1
#define HAVE_MEMORY_H 1
#define HAVE_STRINGS_H 1
#define HAVE_INTTYPES_H 1
#define HAVE_STDINT_H 1
#define HAVE_UNISTD_H 1
#define HAVE_DLFCN_H 1
#define LT_OBJDIR ".libs/"
#define restrict __restrict
#define OPUS_BUILD /**/
#define VAR_ARRAYS /**/
#define HAVE_ALLOCA_H 1
#define HAVE_GETOPT_H 1
#define FUZZING /**/
#define HAVE_LRINTF 1
#define HAVE_LRINT 1
#define SIZEOF_SHORT 2
#define SIZEOF_INT 4
#define SIZEOF_LONG 8
#define SIZEOF_LONG_LONG 8

configure: exit 0
